0 info it worked if it ends with ok
1 verbose cli [ 'C:\\Program Files\\nodejs\\\\node.exe',
1 verbose cli   'C:\\Program Files\\nodejs\\node_modules\\npm\\bin\\npm-cli.js',
1 verbose cli   'install',
1 verbose cli   'cordava' ]
2 info using npm@1.4.28
3 info using node@v0.10.33
4 verbose node symlink C:\Program Files\nodejs\\node.exe
5 verbose readDependencies using package.json deps
6 verbose cache add [ 'cordava', null ]
7 verbose cache add name=undefined spec="cordava" args=["cordava",null]
8 verbose parsed url { protocol: null,
8 verbose parsed url   slashes: null,
8 verbose parsed url   auth: null,
8 verbose parsed url   host: null,
8 verbose parsed url   port: null,
8 verbose parsed url   hostname: null,
8 verbose parsed url   hash: null,
8 verbose parsed url   search: null,
8 verbose parsed url   query: null,
8 verbose parsed url   pathname: 'cordava',
8 verbose parsed url   path: 'cordava',
8 verbose parsed url   href: 'cordava' }
9 silly lockFile 943985d9-cordava cordava
10 verbose lock cordava C:\Users\win8\AppData\Roaming\npm-cache\943985d9-cordava.lock
11 silly lockFile 943985d9-cordava cordava
12 silly lockFile 943985d9-cordava cordava
13 verbose addNamed [ 'cordava', '' ]
14 verbose addNamed [ null, '*' ]
15 silly lockFile 136587c6-cordava cordava@
16 verbose lock cordava@ C:\Users\win8\AppData\Roaming\npm-cache\136587c6-cordava.lock
17 silly addNameRange { name: 'cordava', range: '*', hasData: false }
18 verbose request where is /cordava
19 verbose request registry https://registry.npmjs.org/
20 verbose request id 14b208b492ae8b68
21 verbose url raw /cordava
22 verbose url resolving [ 'https://registry.npmjs.org/', './cordava' ]
23 verbose url resolved https://registry.npmjs.org/cordava
24 verbose request where is https://registry.npmjs.org/cordava
25 info trying registry request attempt 1 at 22:04:05
26 http GET https://registry.npmjs.org/cordava
27 http 404 https://registry.npmjs.org/cordava
28 verbose headers { date: 'Sun, 11 Jan 2015 14:04:15 GMT',
28 verbose headers   server: 'CouchDB/1.5.0 (Erlang OTP/R16B03)',
28 verbose headers   'content-type': 'application/json',
28 verbose headers   'cache-control': 'max-age=0',
28 verbose headers   'content-length': '52',
28 verbose headers   'accept-ranges': 'bytes',
28 verbose headers   via: '1.1 varnish',
28 verbose headers   age: '0',
28 verbose headers   'x-served-by': 'cache-sn88-SIN',
28 verbose headers   'x-cache': 'MISS',
28 verbose headers   'x-cache-hits': '0',
28 verbose headers   'x-timer': 'S1420985055.006963,VS0,VE833',
28 verbose headers   'keep-alive': 'timeout=10, max=50',
28 verbose headers   connection: 'Keep-Alive' }
29 silly registry.get cb [ 404,
29 silly registry.get   { date: 'Sun, 11 Jan 2015 14:04:15 GMT',
29 silly registry.get     server: 'CouchDB/1.5.0 (Erlang OTP/R16B03)',
29 silly registry.get     'content-type': 'application/json',
29 silly registry.get     'cache-control': 'max-age=0',
29 silly registry.get     'content-length': '52',
29 silly registry.get     'accept-ranges': 'bytes',
29 silly registry.get     via: '1.1 varnish',
29 silly registry.get     age: '0',
29 silly registry.get     'x-served-by': 'cache-sn88-SIN',
29 silly registry.get     'x-cache': 'MISS',
29 silly registry.get     'x-cache-hits': '0',
29 silly registry.get     'x-timer': 'S1420985055.006963,VS0,VE833',
29 silly registry.get     'keep-alive': 'timeout=10, max=50',
29 silly registry.get     connection: 'Keep-Alive' } ]
30 silly lockFile 136587c6-cordava cordava@
31 silly lockFile 136587c6-cordava cordava@
32 error 404 404 Not Found: cordava
32 error 404
32 error 404 'cordava' is not in the npm registry.
32 error 404 You should bug the author to publish it
32 error 404 It was specified as a dependency of 'gulp-starter'
32 error 404
32 error 404 Note that you can also install from a
32 error 404 tarball, folder, or http url, or git url.
33 error System Windows_NT 6.2.9200
34 error command "C:\\Program Files\\nodejs\\\\node.exe" "C:\\Program Files\\nodejs\\node_modules\\npm\\bin\\npm-cli.js" "install" "cordava"
35 error cwd C:\econsult\build
36 error node -v v0.10.33
37 error npm -v 1.4.28
38 error code E404
39 verbose exit [ 1, true ]
